<?xml version="1.0"?>
<testsuites>
  <testsuite name="pytest" errors="0" failures="0" skipped="0" tests="2" time="4.2">
    <testcase classname="TestName" name="test1" time="4.2" file="test_foo.py"/>
    <!-- Different filename -->
    <testcase classname="TestName" name="test2" time="4.2" file="test_bar.py"/>
  </testsuite>
</testsuites>
